

Started GET "/" for 127.0.0.1 at 2016-04-13 11:20:26 -0700

ActiveRecord::PendingMigrationError (

Migrations are pending. To resolve this issue, run:

	bin/rake db:migrate RAILS_ENV=development

):
  activerecord (4.1.6) lib/active_record/migration.rb:389:in `check_pending!'
  activerecord (4.1.6) lib/active_record/migration.rb:377:in `call'
  actionpack (4.1.6) lib/action_dispatch/middleware/callbacks.rb:29:in `block in call'
  activesupport (4.1.6) lib/active_support/callbacks.rb:82:in `run_callbacks'
  actionpack (4.1.6) lib/action_dispatch/middleware/callbacks.rb:27:in `call'
  actionpack (4.1.6) lib/action_dispatch/middleware/reloader.rb:73:in `call'
  actionpack (4.1.6) lib/action_dispatch/middleware/remote_ip.rb:76:in `call'
  actionpack (4.1.6) lib/action_dispatch/middleware/debug_exceptions.rb:17:in `call'
  actionpack (4.1.6) lib/action_dispatch/middleware/show_exceptions.rb:30:in `call'
  railties (4.1.6) lib/rails/rack/logger.rb:38:in `call_app'
  railties (4.1.6) lib/rails/rack/logger.rb:20:in `block in call'
  activesupport (4.1.6) lib/active_support/tagged_logging.rb:68:in `block in tagged'
  activesupport (4.1.6) lib/active_support/tagged_logging.rb:26:in `tagged'
  activesupport (4.1.6) lib/active_support/tagged_logging.rb:68:in `tagged'
  railties (4.1.6) lib/rails/rack/logger.rb:20:in `call'
  actionpack (4.1.6) lib/action_dispatch/middleware/request_id.rb:21:in `call'
  rack (1.5.2) lib/rack/methodoverride.rb:21:in `call'
  rack (1.5.2) lib/rack/runtime.rb:17:in `call'
  activesupport (4.1.6) lib/active_support/cache/strategy/local_cache_middleware.rb:26:in `call'
  rack (1.5.2) lib/rack/lock.rb:17:in `call'
  actionpack (4.1.6) lib/action_dispatch/middleware/static.rb:64:in `call'
  rack (1.5.2) lib/rack/sendfile.rb:112:in `call'
  railties (4.1.6) lib/rails/engine.rb:514:in `call'
  railties (4.1.6) lib/rails/application.rb:144:in `call'
  rack (1.5.2) lib/rack/lock.rb:17:in `call'
  rack (1.5.2) lib/rack/content_length.rb:14:in `call'
  rack (1.5.2) lib/rack/handler/webrick.rb:60:in `service'
  /Users/tashisherpa/.rvm/rubies/ruby-2.2.1/lib/ruby/2.2.0/webrick/httpserver.rb:138:in `service'
  /Users/tashisherpa/.rvm/rubies/ruby-2.2.1/lib/ruby/2.2.0/webrick/httpserver.rb:94:in `run'
  /Users/tashisherpa/.rvm/rubies/ruby-2.2.1/lib/ruby/2.2.0/webrick/server.rb:294:in `block in start_thread'


  Rendered /Users/tashisherpa/.rvm/gems/ruby-2.2.1/gems/actionpack-4.1.6/lib/action_dispatch/middleware/templates/rescues/_source.erb (0.8ms)
  Rendered /Users/tashisherpa/.rvm/gems/ruby-2.2.1/gems/actionpack-4.1.6/lib/action_dispatch/middleware/templates/rescues/_trace.html.erb (1.1ms)
  Rendered /Users/tashisherpa/.rvm/gems/ruby-2.2.1/gems/actionpack-4.1.6/lib/action_dispatch/middleware/templates/rescues/_request_and_response.html.erb (1.1ms)
  Rendered /Users/tashisherpa/.rvm/gems/ruby-2.2.1/gems/actionpack-4.1.6/lib/action_dispatch/middleware/templates/rescues/diagnostics.erb within rescues/layout (56.9ms)
  [1m[36m (1.3ms)[0m  [1mCREATE TABLE "schema_migrations" ("version" varchar(255) NOT NULL) [0m
  [1m[35m (0.2ms)[0m  select sqlite_version(*)
  [1m[36m (1.3ms)[0m  [1mCREATE UNIQUE INDEX "unique_schema_migrations" ON "schema_migrations" ("version")[0m
  [1m[35mActiveRecord::SchemaMigration Load (0.1ms)[0m  SELECT "schema_migrations".* FROM "schema_migrations"
Migrating to CreatePosts (20141022210528)
  [1m[36m (0.1ms)[0m  [1mbegin transaction[0m
  [1m[35m (0.5ms)[0m  CREATE TABLE "posts" ("id" INTEGER PRIMARY KEY AUTOINCREMENT NOT NULL, "title" varchar(255), "link" varchar(255), "upvotes" integer, "created_at" datetime, "updated_at" datetime) 
  [1m[36mSQL (0.2ms)[0m  [1mINSERT INTO "schema_migrations" ("version") VALUES (?)[0m  [["version", "20141022210528"]]
  [1m[35m (1.3ms)[0m  commit transaction
Migrating to CreateComments (20141022210535)
  [1m[36m (0.1ms)[0m  [1mbegin transaction[0m
  [1m[35m (1.0ms)[0m  CREATE TABLE "comments" ("id" INTEGER PRIMARY KEY AUTOINCREMENT NOT NULL, "body" varchar(255), "upvotes" integer, "post_id" integer, "created_at" datetime, "updated_at" datetime) 
  [1m[36m (0.2ms)[0m  [1mCREATE  INDEX "index_comments_on_post_id" ON "comments" ("post_id")[0m
  [1m[35mSQL (0.2ms)[0m  INSERT INTO "schema_migrations" ("version") VALUES (?)  [["version", "20141022210535"]]
  [1m[36m (2.5ms)[0m  [1mcommit transaction[0m
Migrating to DeviseCreateUsers (20141023030829)
  [1m[35m (0.1ms)[0m  begin transaction
  [1m[36m (0.6ms)[0m  [1mCREATE TABLE "users" ("id" INTEGER PRIMARY KEY AUTOINCREMENT NOT NULL, "email" varchar(255) DEFAULT '' NOT NULL, "encrypted_password" varchar(255) DEFAULT '' NOT NULL, "reset_password_token" varchar(255), "reset_password_sent_at" datetime, "remember_created_at" datetime, "sign_in_count" integer DEFAULT 0 NOT NULL, "current_sign_in_at" datetime, "last_sign_in_at" datetime, "current_sign_in_ip" varchar(255), "last_sign_in_ip" varchar(255), "created_at" datetime, "updated_at" datetime) [0m
  [1m[35m (0.3ms)[0m  CREATE UNIQUE INDEX "index_users_on_email" ON "users" ("email")
  [1m[36m (0.1ms)[0m  [1m            SELECT sql
            FROM sqlite_master
            WHERE name='index_users_on_email' AND type='index'
            UNION ALL
            SELECT sql
            FROM sqlite_temp_master
            WHERE name='index_users_on_email' AND type='index'
[0m
  [1m[35m (0.1ms)[0m  CREATE UNIQUE INDEX "index_users_on_reset_password_token" ON "users" ("reset_password_token")
  [1m[36mSQL (0.1ms)[0m  [1mINSERT INTO "schema_migrations" ("version") VALUES (?)[0m  [["version", "20141023030829"]]
  [1m[35m (1.6ms)[0m  commit transaction
Migrating to AddUsernameToUser (20141023030846)
  [1m[36m (0.1ms)[0m  [1mbegin transaction[0m
  [1m[35m (0.7ms)[0m  ALTER TABLE "users" ADD "username" varchar(255)
  [1m[36m (0.1ms)[0m  [1m            SELECT sql
            FROM sqlite_master
            WHERE name='index_users_on_reset_password_token' AND type='index'
            UNION ALL
            SELECT sql
            FROM sqlite_temp_master
            WHERE name='index_users_on_reset_password_token' AND type='index'
[0m
  [1m[35m (0.1ms)[0m              SELECT sql
            FROM sqlite_master
            WHERE name='index_users_on_email' AND type='index'
            UNION ALL
            SELECT sql
            FROM sqlite_temp_master
            WHERE name='index_users_on_email' AND type='index'

  [1m[36m (0.3ms)[0m  [1mCREATE UNIQUE INDEX "index_users_on_username" ON "users" ("username")[0m
  [1m[35mSQL (0.1ms)[0m  INSERT INTO "schema_migrations" ("version") VALUES (?)  [["version", "20141023030846"]]
  [1m[36m (1.5ms)[0m  [1mcommit transaction[0m
Migrating to AddUserRefToPosts (20141024202926)
  [1m[35m (0.1ms)[0m  begin transaction
  [1m[36m (0.4ms)[0m  [1mALTER TABLE "posts" ADD "user_id" integer[0m
  [1m[35m (0.1ms)[0m  CREATE  INDEX "index_posts_on_user_id" ON "posts" ("user_id")
  [1m[36mSQL (0.1ms)[0m  [1mINSERT INTO "schema_migrations" ("version") VALUES (?)[0m  [["version", "20141024202926"]]
  [1m[35m (1.3ms)[0m  commit transaction
Migrating to AddUserRefToComments (20141024202930)
  [1m[36m (0.0ms)[0m  [1mbegin transaction[0m
  [1m[35m (0.4ms)[0m  ALTER TABLE "comments" ADD "user_id" integer
  [1m[36m (0.1ms)[0m  [1m            SELECT sql
            FROM sqlite_master
            WHERE name='index_comments_on_post_id' AND type='index'
            UNION ALL
            SELECT sql
            FROM sqlite_temp_master
            WHERE name='index_comments_on_post_id' AND type='index'
[0m
  [1m[35m (0.1ms)[0m  CREATE  INDEX "index_comments_on_user_id" ON "comments" ("user_id")
  [1m[36mSQL (0.1ms)[0m  [1mINSERT INTO "schema_migrations" ("version") VALUES (?)[0m  [["version", "20141024202930"]]
  [1m[35m (1.2ms)[0m  commit transaction
  [1m[36mActiveRecord::SchemaMigration Load (0.1ms)[0m  [1mSELECT "schema_migrations".* FROM "schema_migrations"[0m
  [1m[35m (0.1ms)[0m              SELECT sql
            FROM sqlite_master
            WHERE name='index_comments_on_user_id' AND type='index'
            UNION ALL
            SELECT sql
            FROM sqlite_temp_master
            WHERE name='index_comments_on_user_id' AND type='index'

  [1m[36m (0.1ms)[0m  [1m            SELECT sql
            FROM sqlite_master
            WHERE name='index_comments_on_post_id' AND type='index'
            UNION ALL
            SELECT sql
            FROM sqlite_temp_master
            WHERE name='index_comments_on_post_id' AND type='index'
[0m
  [1m[35m (0.1ms)[0m              SELECT sql
            FROM sqlite_master
            WHERE name='index_posts_on_user_id' AND type='index'
            UNION ALL
            SELECT sql
            FROM sqlite_temp_master
            WHERE name='index_posts_on_user_id' AND type='index'

  [1m[36m (0.1ms)[0m  [1m            SELECT sql
            FROM sqlite_master
            WHERE name='index_users_on_username' AND type='index'
            UNION ALL
            SELECT sql
            FROM sqlite_temp_master
            WHERE name='index_users_on_username' AND type='index'
[0m
  [1m[35m (0.1ms)[0m              SELECT sql
            FROM sqlite_master
            WHERE name='index_users_on_reset_password_token' AND type='index'
            UNION ALL
            SELECT sql
            FROM sqlite_temp_master
            WHERE name='index_users_on_reset_password_token' AND type='index'

  [1m[36m (0.2ms)[0m  [1m            SELECT sql
            FROM sqlite_master
            WHERE name='index_users_on_email' AND type='index'
            UNION ALL
            SELECT sql
            FROM sqlite_temp_master
            WHERE name='index_users_on_email' AND type='index'
[0m


Started GET "/" for 127.0.0.1 at 2016-04-13 11:30:10 -0700
  [1m[36mActiveRecord::SchemaMigration Load (0.2ms)[0m  [1mSELECT "schema_migrations".* FROM "schema_migrations"[0m
Processing by ApplicationController#angular as HTML
  Rendered layouts/application.html.erb within layouts/application (9.8ms)
Completed 500 Internal Server Error in 102ms

ActionView::Template::Error (couldn't find file 'bootstrap/dist/css/bootstrap'
  (in /Users/tashisherpa/dev/angular-rails-tutorial/app/assets/stylesheets/application.css:13)):
    2: <html>
    3: <head>
    4:   <title>FlapperNews</title>
    5:   <%= stylesheet_link_tag    'application', media: 'all' %>
    6:   <%= javascript_include_tag 'application' %>
    7:   <%= csrf_meta_tags %>
    8: </head>
  app/views/layouts/application.html.erb:5:in `_app_views_layouts_application_html_erb__1637764537042546536_70145967790780'
  app/controllers/application_controller.rb:11:in `angular'


  Rendered /Users/tashisherpa/.rvm/gems/ruby-2.2.1/gems/actionpack-4.1.6/lib/action_dispatch/middleware/templates/rescues/_trace.html.erb (1.5ms)
  Rendered /Users/tashisherpa/.rvm/gems/ruby-2.2.1/gems/actionpack-4.1.6/lib/action_dispatch/middleware/templates/rescues/_request_and_response.html.erb (1.2ms)
  Rendered /Users/tashisherpa/.rvm/gems/ruby-2.2.1/gems/actionpack-4.1.6/lib/action_dispatch/middleware/templates/rescues/template_error.html.erb within rescues/layout (39.9ms)


Started GET "/" for 127.0.0.1 at 2016-04-13 11:30:13 -0700
Processing by ApplicationController#angular as HTML
  Rendered layouts/application.html.erb within layouts/application (5.3ms)
Completed 500 Internal Server Error in 9ms

ActionView::Template::Error (couldn't find file 'bootstrap/dist/css/bootstrap'
  (in /Users/tashisherpa/dev/angular-rails-tutorial/app/assets/stylesheets/application.css:13)):
    2: <html>
    3: <head>
    4:   <title>FlapperNews</title>
    5:   <%= stylesheet_link_tag    'application', media: 'all' %>
    6:   <%= javascript_include_tag 'application' %>
    7:   <%= csrf_meta_tags %>
    8: </head>
  app/views/layouts/application.html.erb:5:in `_app_views_layouts_application_html_erb__1637764537042546536_70145967790780'
  app/controllers/application_controller.rb:11:in `angular'


  Rendered /Users/tashisherpa/.rvm/gems/ruby-2.2.1/gems/actionpack-4.1.6/lib/action_dispatch/middleware/templates/rescues/_trace.html.erb (2.4ms)
  Rendered /Users/tashisherpa/.rvm/gems/ruby-2.2.1/gems/actionpack-4.1.6/lib/action_dispatch/middleware/templates/rescues/_request_and_response.html.erb (1.3ms)
  Rendered /Users/tashisherpa/.rvm/gems/ruby-2.2.1/gems/actionpack-4.1.6/lib/action_dispatch/middleware/templates/rescues/template_error.html.erb within rescues/layout (39.7ms)


Started GET "/" for 127.0.0.1 at 2016-04-13 11:35:48 -0700
  [1m[36mActiveRecord::SchemaMigration Load (0.1ms)[0m  [1mSELECT "schema_migrations".* FROM "schema_migrations"[0m
Processing by ApplicationController#angular as HTML
  Rendered layouts/application.html.erb within layouts/application (523.8ms)
Completed 200 OK in 662ms (Views: 627.5ms | ActiveRecord: 0.0ms)


Started GET "/assets/bootstrap/dist/css/bootstrap.css?body=1" for 127.0.0.1 at 2016-04-13 11:35:49 -0700


Started GET "/assets/application.css?body=1" for 127.0.0.1 at 2016-04-13 11:35:49 -0700


Started GET "/assets/angular/angular.js?body=1" for 127.0.0.1 at 2016-04-13 11:35:49 -0700


Started GET "/assets/angular-devise/lib/devise.js?body=1" for 127.0.0.1 at 2016-04-13 11:35:49 -0700


Started GET "/assets/angular-rails-templates.js?body=1" for 127.0.0.1 at 2016-04-13 11:35:49 -0700


Started GET "/assets/angular-ui-router/release/angular-ui-router.js?body=1" for 127.0.0.1 at 2016-04-13 11:35:49 -0700


Started GET "/assets/app.js?body=1" for 127.0.0.1 at 2016-04-13 11:35:49 -0700


Started GET "/assets/auth/_login.js?body=1" for 127.0.0.1 at 2016-04-13 11:35:49 -0700


Started GET "/assets/auth/_register.js?body=1" for 127.0.0.1 at 2016-04-13 11:35:49 -0700


Started GET "/assets/auth/authCtrl.js?body=1" for 127.0.0.1 at 2016-04-13 11:35:49 -0700


Started GET "/assets/home/_home.js?body=1" for 127.0.0.1 at 2016-04-13 11:35:49 -0700


Started GET "/assets/home/main.js?body=1" for 127.0.0.1 at 2016-04-13 11:35:49 -0700


Started GET "/assets/nav/_nav.js?body=1" for 127.0.0.1 at 2016-04-13 11:35:49 -0700


Started GET "/assets/nav/navCtrl.js?body=1" for 127.0.0.1 at 2016-04-13 11:35:49 -0700


Started GET "/assets/posts/_posts.js?body=1" for 127.0.0.1 at 2016-04-13 11:35:49 -0700


Started GET "/assets/posts/posts.js?body=1" for 127.0.0.1 at 2016-04-13 11:35:49 -0700


Started GET "/assets/posts/postsCtrl.js?body=1" for 127.0.0.1 at 2016-04-13 11:35:49 -0700


Started GET "/assets/application.js?body=1" for 127.0.0.1 at 2016-04-13 11:35:49 -0700


Started POST "/users/sign_in.json" for 127.0.0.1 at 2016-04-13 11:35:50 -0700
Processing by Devise::SessionsController#create as JSON
  Parameters: {"user"=>{}, "session"=>{"user"=>{}}}
Completed 401 Unauthorized in 23ms


Started GET "/posts.json" for 127.0.0.1 at 2016-04-13 11:35:50 -0700
Processing by PostsController#index as JSON
  [1m[35mPost Load (8.8ms)[0m  SELECT "posts".* FROM "posts"
Completed 200 OK in 44ms (Views: 1.0ms | ActiveRecord: 8.8ms)


Started POST "/users/sign_in.json" for 127.0.0.1 at 2016-04-13 11:35:52 -0700
Processing by Devise::SessionsController#create as JSON
  Parameters: {"user"=>{}, "session"=>{"user"=>{}}}
Completed 401 Unauthorized in 2ms


Started GET "/posts.json" for 127.0.0.1 at 2016-04-13 11:35:53 -0700
Processing by PostsController#index as JSON
  [1m[36mPost Load (0.2ms)[0m  [1mSELECT "posts".* FROM "posts"[0m
Completed 200 OK in 9ms (Views: 0.7ms | ActiveRecord: 0.2ms)


Started POST "/users/sign_in.json" for 127.0.0.1 at 2016-04-13 11:35:54 -0700
Processing by Devise::SessionsController#create as JSON
  Parameters: {"user"=>{}, "session"=>{"user"=>{}}}
Completed 401 Unauthorized in 2ms
